Running: C:\Xilinx\14.7\ISE_DS\ISE\bin\nt64\unwrapped\fuse.exe -intstyle ise -incremental -lib unisims_ver -lib unimacro_ver -lib xilinxcorelib_ver -lib secureip -o C:/Users/bobbyranjan/Desktop/CE3001_Lab3/CE3001_Lab3/test_bench_3_stage_pipeline_isim_beh.exe -prj C:/Users/bobbyranjan/Desktop/CE3001_Lab3/CE3001_Lab3/test_bench_3_stage_pipeline_beh.prj work.test_bench_3_stage_pipeline work.glbl 
ISim P.20131013 (signature 0x7708f090)
Number of CPUs detected in this system: 4
Turning on mult-threading, number of parallel sub-compilation jobs: 8 
Determining compilation order of HDL files
Analyzing Verilog file "C:/Users/bobbyranjan/Desktop/CE3001_Lab3/CE3001_Lab3/regfile.v" into library work
Analyzing Verilog file "C:/Users/bobbyranjan/Desktop/CE3001_Lab3/CE3001_Lab3/PC.v" into library work
Analyzing Verilog file "C:/Users/bobbyranjan/Desktop/CE3001_Lab3/CE3001_Lab3/memory.v" into library work
Analyzing Verilog file "C:/Users/bobbyranjan/Desktop/CE3001_Lab3/CE3001_Lab3/ID_EXEstage.v" into library work
Analyzing Verilog file "C:/Users/bobbyranjan/Desktop/CE3001_Lab3/CE3001_Lab3/control.v" into library work
Analyzing Verilog file "C:/Users/bobbyranjan/Desktop/CE3001_Lab3/CE3001_Lab3/alu.v" into library work
Analyzing Verilog file "C:/Users/bobbyranjan/Desktop/CE3001_Lab3/CE3001_Lab3/pipelined_regfile_3stage.v" into library work
Analyzing Verilog file "C:/Users/bobbyranjan/Desktop/CE3001_Lab3/CE3001_Lab3/test_bench_3_stage_pipeline.v" into library work
Analyzing Verilog file "C:/Xilinx/14.7/ISE_DS/ISE//verilog/src/glbl.v" into library work
Starting static elaboration
Completed static elaboration
Compiling module PC1
Compiling module memory
Compiling module control
Compiling module regfile
Compiling module ID_EXE_stage
Compiling module alu
Compiling module pipelined_regfile_3stage
Compiling module test_bench_3_stage_pipeline
Compiling module glbl
Time Resolution for simulation is 1ps.
Waiting for 2 sub-compilation(s) to finish...
Compiled 9 Verilog Units
Built simulation executable C:/Users/bobbyranjan/Desktop/CE3001_Lab3/CE3001_Lab3/test_bench_3_stage_pipeline_isim_beh.exe
Fuse Memory Usage: 27184 KB
Fuse CPU Usage: 781 ms
